Build started 8/30/2015 10:12:00.
     1>Project "C:\Users\Mikhail\Desktop\mt4\mtguru1\mtguru1.vcxproj" on node 2 (Build target(s)).
     1>ClCompile:
         C:\Program Files (x86)\Microsoft Visual Studio 14.0\VC\bin\CL.exe /c /IC:\Python27\include /Zi /nologo /W1 /WX- /O2 /Oy- /Gm- /EHsc /MD /GS /fp:precise /Zc:wchar_t /Zc:forScope /Zc:inline /Fo"try\\" /Fd"try\vc140.pdb" /Gd /TP /analyze- /errorReport:prompt mtguru1.cpp StdAfx.cpp
         mtguru1.cpp
         StdAfx.cpp
         Generating Code...
       Link:
         C:\Program Files (x86)\Microsoft Visual Studio 14.0\VC\bin\link.exe /ERRORREPORT:PROMPT /OUT:"C:\Users\Mikhail\Desktop\mt4\mtguru1\try\mtguru1.exe" /NOLOGO /LIBPATH:C:\Python27\libs libpython27.a kernel32.lib user32.lib gdi32.lib winspool.lib comdlg32.lib advapi32.lib shell32.lib ole32.lib oleaut32.lib uuid.lib odbc32.lib odbccp32.lib /MANIFEST /MANIFESTUAC:"level='asInvoker' uiAccess='false'" /manifest:embed /DEBUG /PDB:"C:\Users\Mikhail\Desktop\mt4\mtguru1\try\mtguru1.pdb" /TLBID:1 /DYNAMICBASE /NXCOMPAT /IMPLIB:"C:\Users\Mikhail\Desktop\mt4\mtguru1\try\mtguru1.lib" /MACHINE:X86 /SAFESEH try\mtguru1.obj
         try\StdAfx.obj
     1>libpython27.a(dmmes00855.o) : error LNK2026: module unsafe for SAFESEH image.
     1>libpython27.a(dmmes00834.o) : error LNK2026: module unsafe for SAFESEH image.
     1>libpython27.a(dmmeh.o) : fatal error LNK1112: module machine type 'x64' conflicts with target machine type 'X86'
     1>Done Building Project "C:\Users\Mikhail\Desktop\mt4\mtguru1\mtguru1.vcxproj" (Build target(s)) -- FAILED.

Build FAILED.

Time Elapsed 00:00:00.66
